<?xml version="1.0" encoding="UTF-8"?>
<!-- Generated by org.testng.reporters.JUnitXMLReporter -->
<testsuite ignored="11" hostname="DESKTOP-TSQ3Q8K" failures="0" tests="2" name="Test" time="156.966" errors="0" timestamp="2021-09-23T13:26:49 IST">
  <testcase classname="com.vtiger.Altern.GenericUtilities.BaseClass" name="@BeforeMethod Loginapp" time="0.383">
    <failure type="org.openqa.selenium.NoSuchWindowException" message="no such window: target window already closed
from unknown error: web view not found
  (Session info: chrome=94.0.4606.54)
Build info: version: &amp;apos;3.141.59&amp;apos;, revision: &amp;apos;e82be7d358&amp;apos;, time: &amp;apos;2018-11-14T08:17:03&amp;apos;
System info: host: &amp;apos;DESKTOP-TSQ3Q8K&amp;apos;, ip: &amp;apos;192.168.32.60&amp;apos;, os.name: &amp;apos;Windows 10&amp;apos;, os.arch: &amp;apos;amd64&amp;apos;, os.version: &amp;apos;10.0&amp;apos;, java.version: &amp;apos;16.0.1&amp;apos;
Driver info: org.openqa.selenium.chrome.ChromeDriver
Capabilities {acceptInsecureCerts: false, browserName: chrome, browserVersion: 94.0.4606.54, chrome: {chromedriverVersion: 93.0.4577.63 (ff5c0da2ec0ad..., userDataDir: C:\Users\sanje\AppData\Loca...}, goog:chromeOptions: {debuggerAddress: localhost:62036}, javascriptEnabled: true, networkConnectionEnabled: false, pageLoadStrategy: normal, platform: WINDOWS, platformName: WINDOWS, proxy: Proxy(), setWindowRect: true, strictFileInteractability: false, timeouts: {implicit: 0, pageLoad: 300000, script: 30000}, unhandledPromptBehavior: dismiss and notify, webauthn:extension:credBlob: true, webauthn:extension:largeBlob: true, webauthn:virtualAuthenticators: true}
Session ID: 2d9b1a139a9c0038ff594d7e07dfdc50
*** Element info: {Using=name, value=user_name}">
      <![CDATA[org.openqa.selenium.NoSuchWindowException: no such window: target window already closed
from unknown error: web view not found
  (Session info: chrome=94.0.4606.54)
Build info: version: '3.141.59', revision: 'e82be7d358', time: '2018-11-14T08:17:03'
System info: host: 'DESKTOP-TSQ3Q8K', ip: '192.168.32.60', os.name: 'Windows 10', os.arch: 'amd64', os.version: '10.0', java.version: '16.0.1'
Driver info: org.openqa.selenium.chrome.ChromeDriver
Capabilities {acceptInsecureCerts: false, browserName: chrome, browserVersion: 94.0.4606.54, chrome: {chromedriverVersion: 93.0.4577.63 (ff5c0da2ec0ad..., userDataDir: C:\Users\sanje\AppData\Loca...}, goog:chromeOptions: {debuggerAddress: localhost:62036}, javascriptEnabled: true, networkConnectionEnabled: false, pageLoadStrategy: normal, platform: WINDOWS, platformName: WINDOWS, proxy: Proxy(), setWindowRect: true, strictFileInteractability: false, timeouts: {implicit: 0, pageLoad: 300000, script: 30000}, unhandledPromptBehavior: dismiss and notify, webauthn:extension:credBlob: true, webauthn:extension:largeBlob: true, webauthn:virtualAuthenticators: true}
Session ID: 2d9b1a139a9c0038ff594d7e07dfdc50
*** Element info: {Using=name, value=user_name}
at org.openqa.selenium.remote.http.W3CHttpResponseCodec.createException(W3CHttpResponseCodec.java:187)
at org.openqa.selenium.remote.http.W3CHttpResponseCodec.decode(W3CHttpResponseCodec.java:122)
at org.openqa.selenium.remote.http.W3CHttpResponseCodec.decode(W3CHttpResponseCodec.java:49)
at org.openqa.selenium.remote.HttpCommandExecutor.execute(HttpCommandExecutor.java:158)
at org.openqa.selenium.remote.service.DriverCommandExecutor.execute(DriverCommandExecutor.java:83)
at org.openqa.selenium.remote.RemoteWebDriver.execute(RemoteWebDriver.java:552)
at org.openqa.selenium.remote.RemoteWebDriver.findElement(RemoteWebDriver.java:323)
at org.openqa.selenium.remote.RemoteWebDriver.findElementByName(RemoteWebDriver.java:404)
at org.openqa.selenium.By$ByName.findElement(By.java:284)
at org.openqa.selenium.remote.RemoteWebDriver.findElement(RemoteWebDriver.java:315)
at org.openqa.selenium.support.pagefactory.DefaultElementLocator.findElement(DefaultElementLocator.java:69)
at org.openqa.selenium.support.pagefactory.internal.LocatingElementHandler.invoke(LocatingElementHandler.java:38)
at jdk.proxy2/jdk.proxy2.$Proxy17.sendKeys(Unknown Source)
at com.crm.Autodesk.ObjectRepository.LoginPage.Login(LoginPage.java:47)
at com.vtiger.Altern.GenericUtilities.BaseClass.Loginapp(BaseClass.java:74)
at java.base/java.util.ArrayList.forEach(ArrayList.java:1511)
... Removed 36 stack frames]]>
    </failure>
  </testcase> <!-- @BeforeMethod Loginapp -->
  <testcase classname="com.vtiger.Altern.GenericUtilities.BaseClass" name="@AfterMethod LogoutApp" time="-1.632383670897E9">
    <skipped/>
  </testcase> <!-- @AfterMethod LogoutApp -->
  <testcase classname="com.vtiger.Altern.GenericUtilities.BaseClass" name="@AfterClass CloseBrowser" time="-1.632383670905E9">
    <skipped/>
  </testcase> <!-- @AfterClass CloseBrowser -->
  <testcase classname="com.vtiger.Altern.Organisation.TC_02_CreateOrganisationWithRatingDrpDn" name="CreateOrganisationWithRatingDrpDnTest" time="0.0">
    <skipped/>
  </testcase> <!-- CreateOrganisationWithRatingDrpDnTest -->
  <testcase classname="com.vtiger.Altern.Organisation.TC_04_CreateOrganisationWithNotifyOwner" name="CreateOrganisationWithNotifyOwnerTest" time="62.634"/>
  <testcase classname="com.vtiger.Altern.Organisation.TC_05_Notify_Owner_Select_Option_Is_Enabled_Or_Not" name="TC_05_Notify_Owner_Select_Option_Is_Enabled_Or_NotTest" time="0.0">
    <ignored/>
  </testcase> <!-- TC_05_Notify_Owner_Select_Option_Is_Enabled_Or_NotTest -->
  <testcase classname="com.vtiger.Altern.Organisation.TC_01_CreateOrganisationWithGroupBtn" name="CreateOrganisationWithGroupBtnTest" time="0.0">
    <ignored/>
  </testcase> <!-- CreateOrganisationWithGroupBtnTest -->
  <testcase classname="com.vtiger.Altern.GenericUtilities.BaseClass" name="@AfterSuite CloseDB" time="0.0">
    <ignored/>
  </testcase> <!-- @AfterSuite CloseDB -->
  <testcase classname="com.vtiger.Altern.GenericUtilities.BaseClass" name="@AfterSuite CloseDB" time="0.0">
    <ignored/>
  </testcase> <!-- @AfterSuite CloseDB -->
  <testcase classname="com.vtiger.Altern.GenericUtilities.BaseClass" name="@AfterSuite CloseDB" time="0.0">
    <ignored/>
  </testcase> <!-- @AfterSuite CloseDB -->
  <testcase classname="com.vtiger.Altern.GenericUtilities.BaseClass" name="@AfterSuite CloseDB" time="0.0">
    <ignored/>
  </testcase> <!-- @AfterSuite CloseDB -->
  <testcase classname="com.vtiger.Altern.GenericUtilities.BaseClass" name="@BeforeSuite connectDB" time="0.0">
    <ignored/>
  </testcase> <!-- @BeforeSuite connectDB -->
  <testcase classname="com.vtiger.Altern.GenericUtilities.BaseClass" name="@BeforeSuite connectDB" time="0.0">
    <ignored/>
  </testcase> <!-- @BeforeSuite connectDB -->
  <testcase classname="com.vtiger.Altern.GenericUtilities.BaseClass" name="@BeforeSuite connectDB" time="0.0">
    <ignored/>
  </testcase> <!-- @BeforeSuite connectDB -->
  <testcase classname="com.vtiger.Altern.GenericUtilities.BaseClass" name="@BeforeSuite connectDB" time="0.0">
    <ignored/>
  </testcase> <!-- @BeforeSuite connectDB -->
  <testcase classname="com.vtiger.Altern.Organisation.TC_03_Rating_Drop_Down_Option_Is_Working_Or_Not" name="Rating_Drop_Down_Option_Is_Working_Or_NotTest" time="0.0">
    <ignored/>
  </testcase> <!-- Rating_Drop_Down_Option_Is_Working_Or_NotTest -->
</testsuite> <!-- Test -->
